<?xml version="1.0" encoding="UTF-8"?>
<!-- Generated by org.testng.reporters.JUnitXMLReporter -->
<testsuite ignored="0" hostname="DESKTOP-9JEKR6H" failures="0" tests="6" name="Default test" time="0.128" errors="0" timestamp="2023-06-07T14:24:56 IST">
  <testcase classname="testng.ex4_TestNGKeyword2_Priority1" name="tc4" time="0.013"/>
  <testcase classname="testng.ex4_TestNGKeyword2_Priority1" name="tc1" time="0.001"/>
  <testcase classname="testng.ex4_TestNGKeyword2_Priority1" name="tc6" time="0.0"/>
  <testcase classname="testng.ex4_TestNGKeyword2_Priority1" name="tc3" time="0.0"/>
  <testcase classname="testng.ex4_TestNGKeyword2_Priority1" name="tc5" time="0.0"/>
  <testcase classname="testng.ex4_TestNGKeyword2_Priority1" name="tc2" time="0.002"/>
</testsuite> <!-- Default test -->
