<?xml version="1.0" encoding="UTF-8"?>
<!-- Generated by org.testng.reporters.JUnitXMLReporter -->
<testsuite ignored="0" hostname="DESKTOP-9JEKR6H" failures="0" tests="6" name="Test1" time="0.128" errors="0" timestamp="2023-06-09T23:15:37 IST">
  <testcase classname="testng.sample2" name="m4" time="0.017"/>
  <testcase classname="testng.sample2" name="m5" time="0.002"/>
  <testcase classname="testng.sample2" name="m6" time="0.001"/>
  <testcase classname="testng.sample1" name="m1" time="0.001"/>
  <testcase classname="testng.sample1" name="m2" time="0.007"/>
  <testcase classname="testng.sample1" name="m3" time="0.001"/>
</testsuite> <!-- Test1 -->
