<?xml version="1.0" encoding="UTF-8"?>
<!-- Generated by org.testng.reporters.JUnitXMLReporter -->
<testsuite ignored="4" hostname="DESKTOP-9JEKR6H" failures="0" tests="2" name="Test(failed)" time="0.108" errors="0" timestamp="2023-06-15T15:29:50 IST">
  <testcase classname="testng.sample2" name="m5" time="0.012"/>
  <testcase classname="testng.sample1" name="m2" time="0.004"/>
  <testcase classname="testng.sample2" name="m4" time="0.0">
    <ignored/>
  </testcase> <!-- m4 -->
  <testcase classname="testng.sample1" name="m3" time="0.0">
    <ignored/>
  </testcase> <!-- m3 -->
  <testcase classname="testng.sample2" name="m6" time="0.0">
    <ignored/>
  </testcase> <!-- m6 -->
  <testcase classname="testng.sample1" name="m1" time="0.0">
    <ignored/>
  </testcase> <!-- m1 -->
</testsuite> <!-- Test(failed) -->
