<?xml version="1.0" encoding="UTF-8"?>
<testng-results ignored="0" total="1" passed="1" failed="0" skipped="0">
  <reporter-output>
  </reporter-output>
  <suite started-at="2023-07-19T20:35:10 IST" name="Default suite" finished-at="2023-07-19T20:35:56 IST" duration-ms="45402">
    <groups>
    </groups>
    <test started-at="2023-07-19T20:35:10 IST" name="Default test" finished-at="2023-07-19T20:35:56 IST" duration-ms="45402">
      <class name="POM_DDF_TESTNG_Baseclass_Utilityclass_.PB2LOGINTest">
        <test-method is-config="true" signature="openBrowser()[pri:0, instance:POM_DDF_TESTNG_Baseclass_Utilityclass_.PB2LOGINTest@3527942a]" started-at="2023-07-19T20:35:10 IST" name="openBrowser" finished-at="2023-07-19T20:35:28 IST" duration-ms="18020" status="PASS">
          <reporter-output>
          </reporter-output>
        </test-method> <!-- openBrowser -->
        <test-method is-config="true" signature="Login()[pri:0, instance:POM_DDF_TESTNG_Baseclass_Utilityclass_.PB2LOGINTest@3527942a]" started-at="2023-07-19T20:35:28 IST" name="Login" finished-at="2023-07-19T20:35:41 IST" duration-ms="12777" status="PASS">
          <reporter-output>
          </reporter-output>
        </test-method> <!-- Login -->
        <test-method signature="verifyusername()[pri:0, instance:POM_DDF_TESTNG_Baseclass_Utilityclass_.PB2LOGINTest@3527942a]" started-at="2023-07-19T20:35:41 IST" name="verifyusername" finished-at="2023-07-19T20:35:53 IST" duration-ms="11993" status="PASS">
          <reporter-output>
          </reporter-output>
        </test-method> <!-- verifyusername -->
        <test-method is-config="true" signature="logout(org.testng.ITestResult)[pri:0, instance:POM_DDF_TESTNG_Baseclass_Utilityclass_.PB2LOGINTest@3527942a]" started-at="2023-07-19T20:35:53 IST" name="logout" finished-at="2023-07-19T20:35:53 IST" duration-ms="26" status="PASS">
          <params>
            <param index="0">
              <value>
                <![CDATA[[TestResult name=verifyusername status=SUCCESS method=PB2LOGINTest.verifyusername()[pri:0, instance:POM_DDF_TESTNG_Baseclass_Utilityclass_.PB2LOGINTest@3527942a] output={null}]]]>
              </value>
            </param>
          </params>
          <reporter-output>
          </reporter-output>
        </test-method> <!-- logout -->
        <test-method is-config="true" signature="closebrowser()[pri:0, instance:POM_DDF_TESTNG_Baseclass_Utilityclass_.PB2LOGINTest@3527942a]" started-at="2023-07-19T20:35:53 IST" name="closebrowser" finished-at="2023-07-19T20:35:56 IST" duration-ms="2476" status="PASS">
          <reporter-output>
          </reporter-output>
        </test-method> <!-- closebrowser -->
      </class> <!-- POM_DDF_TESTNG_Baseclass_Utilityclass_.PB2LOGINTest -->
    </test> <!-- Default test -->
  </suite> <!-- Default suite -->
</testng-results>
