<?xml version="1.0" encoding="UTF-8"?>
<testng-results ignored="0" total="6" passed="6" failed="0" skipped="0">
  <reporter-output>
    <line>
      <![CDATA[running tc 4]]>
    </line>
    <line>
      <![CDATA[running tc 1]]>
    </line>
    <line>
      <![CDATA[running tc 6]]>
    </line>
    <line>
      <![CDATA[running tc 3]]>
    </line>
    <line>
      <![CDATA[running tc 5]]>
    </line>
    <line>
      <![CDATA[running tc 2]]>
    </line>
  </reporter-output>
  <suite started-at="2023-06-07T14:24:56 IST" name="Default suite" finished-at="2023-06-07T14:24:56 IST" duration-ms="128">
    <groups>
    </groups>
    <test started-at="2023-06-07T14:24:56 IST" name="Default test" finished-at="2023-06-07T14:24:56 IST" duration-ms="128">
      <class name="testng.ex4_TestNGKeyword2_Priority1">
        <test-method signature="tc4()[pri:-1, instance:testng.ex4_TestNGKeyword2_Priority1@74751b3]" started-at="2023-06-07T14:24:56 IST" name="tc4" finished-at="2023-06-07T14:24:56 IST" duration-ms="13" status="PASS">
          <reporter-output>
            <line>
              <![CDATA[running tc 4]]>
            </line>
          </reporter-output>
        </test-method> <!-- tc4 -->
        <test-method signature="tc1()[pri:0, instance:testng.ex4_TestNGKeyword2_Priority1@74751b3]" started-at="2023-06-07T14:24:56 IST" name="tc1" finished-at="2023-06-07T14:24:56 IST" duration-ms="1" status="PASS">
          <reporter-output>
            <line>
              <![CDATA[running tc 1]]>
            </line>
          </reporter-output>
        </test-method> <!-- tc1 -->
        <test-method signature="tc6()[pri:0, instance:testng.ex4_TestNGKeyword2_Priority1@74751b3]" started-at="2023-06-07T14:24:56 IST" name="tc6" finished-at="2023-06-07T14:24:56 IST" duration-ms="0" status="PASS">
          <reporter-output>
            <line>
              <![CDATA[running tc 6]]>
            </line>
          </reporter-output>
        </test-method> <!-- tc6 -->
        <test-method signature="tc3()[pri:1, instance:testng.ex4_TestNGKeyword2_Priority1@74751b3]" started-at="2023-06-07T14:24:56 IST" name="tc3" finished-at="2023-06-07T14:24:56 IST" duration-ms="0" status="PASS">
          <reporter-output>
            <line>
              <![CDATA[running tc 3]]>
            </line>
          </reporter-output>
        </test-method> <!-- tc3 -->
        <test-method signature="tc5()[pri:1, instance:testng.ex4_TestNGKeyword2_Priority1@74751b3]" started-at="2023-06-07T14:24:56 IST" name="tc5" finished-at="2023-06-07T14:24:56 IST" duration-ms="0" status="PASS">
          <reporter-output>
            <line>
              <![CDATA[running tc 5]]>
            </line>
          </reporter-output>
        </test-method> <!-- tc5 -->
        <test-method signature="tc2()[pri:2, instance:testng.ex4_TestNGKeyword2_Priority1@74751b3]" started-at="2023-06-07T14:24:56 IST" name="tc2" finished-at="2023-06-07T14:24:56 IST" duration-ms="2" status="PASS">
          <reporter-output>
            <line>
              <![CDATA[running tc 2]]>
            </line>
          </reporter-output>
        </test-method> <!-- tc2 -->
      </class> <!-- testng.ex4_TestNGKeyword2_Priority1 -->
    </test> <!-- Default test -->
  </suite> <!-- Default suite -->
</testng-results>
